<?xml version="1.0" encoding="UTF-8" ?>
<testsuite tests="6" failures="0" name="com.baku.asyncstreampipeline.business.outbound.control.StreamMergerTest" time="0.108" errors="0" skipped="0">
  <properties>
    <property name="java.runtime.name" value="Java(TM) SE Runtime Environment"/>
    <property name="sun.boot.library.path" value="/Library/Java/JavaVirtualMachines/jdk1.8.0_101.jdk/Contents/Home/jre/lib"/>
    <property name="java.vm.version" value="25.101-b13"/>
    <property name="user.country.format" value="PL"/>
    <property name="gopherProxySet" value="false"/>
    <property name="java.vm.vendor" value="Oracle Corporation"/>
    <property name="maven.multiModuleProjectDirectory" value="/Users/baku"/>
    <property name="java.vendor.url" value="http://java.oracle.com/"/>
    <property name="path.separator" value=":"/>
    <property name="guice.disable.misplaced.annotation.check" value="true"/>
    <property name="java.vm.name" value="Java HotSpot(TM) 64-Bit Server VM"/>
    <property name="file.encoding.pkg" value="sun.io"/>
    <property name="user.country" value="US"/>
    <property name="sun.java.launcher" value="SUN_STANDARD"/>
    <property name="sun.os.patch.level" value="unknown"/>
    <property name="java.vm.specification.name" value="Java Virtual Machine Specification"/>
    <property name="user.dir" value="/Users/baku/PROJECTS/AsyncStreamer"/>
    <property name="java.runtime.version" value="1.8.0_101-b13"/>
    <property name="java.awt.graphicsenv" value="sun.awt.CGraphicsEnvironment"/>
    <property name="java.endorsed.dirs" value="/Library/Java/JavaVirtualMachines/jdk1.8.0_101.jdk/Contents/Home/jre/lib/endorsed"/>
    <property name="os.arch" value="x86_64"/>
    <property name="java.io.tmpdir" value="/var/folders/q4/slfs0t4x6gg1k47z54_w70c80000gn/T/"/>
    <property name="line.separator" value="
"/>
    <property name="java.vm.specification.vendor" value="Oracle Corporation"/>
    <property name="os.name" value="Mac OS X"/>
    <property name="classworlds.conf" value="/Users/baku/apache-maven-3.3.9/bin/m2.conf"/>
    <property name="sun.jnu.encoding" value="UTF-8"/>
    <property name="java.library.path" value="/Users/baku/Library/Java/Extensions:/Library/Java/Extensions:/Network/Library/Java/Extensions:/System/Library/Java/Extensions:/usr/lib/java:."/>
    <property name="java.specification.name" value="Java Platform API Specification"/>
    <property name="java.class.version" value="52.0"/>
    <property name="sun.management.compiler" value="HotSpot 64-Bit Tiered Compilers"/>
    <property name="os.version" value="10.13.2"/>
    <property name="http.nonProxyHosts" value="local|*.local|169.254/16|*.169.254/16|10.40.123.0/24|*.10.40.123.0/24|10.40.124.0/22|*.10.40.124.0/22|10.40.128.0/22|*.10.40.128.0/22|10.40.134.0/24|*.10.40.134.0/24|10.40.137.0/24|*.10.40.137.0/24|46.227.32.37/32|*.46.227.32.37/32|62.92.233.208/28|*.62.92.233.208/28|62.92.233.225/32|*.62.92.233.225/32|62.92.233.241/32|*.62.92.233.241/32|172.20.62.0/24|*.172.20.62.0/24|172.20.64.0/22|*.172.20.64.0/22|172.20.69.0/24|*.172.20.69.0/24|172.20.70.0/23|*.172.20.70.0/23|172.20.76.0/23|*.172.20.76.0/23|172.20.72.0/22|*.172.20.72.0/22|172.20.80.0/27|*.172.20.80.0/27|172.21.0.0/16|*.172.21.0.0/16|172.28.1.0/24|*.172.28.1.0/24|172.28.2.0/23|*.172.28.2.0/23|172.28.4.0/22|*.172.28.4.0/22|172.30.1.0/24|*.172.30.1.0/24|172.30.2.0/24|*.172.30.2.0/24|172.30.10.0/23|*.172.30.10.0/23|172.30.12.0/24|*.172.30.12.0/24|172.30.21.0/24|*.172.30.21.0/24|172.30.100.0/22|*.172.30.100.0/22|172.30.204.0/24|*.172.30.204.0/24|172.30.200.0/22|*.172.30.200.0/22|172.31.1.0/24|*.172.31.1.0/24|172.31.2.0/24|*.172.31.2.0/24|172.31.10.1/32|*.172.31.10.1/32|172.31.20.1/32|*.172.31.20.1/32|172.31.20.32/27|*.172.31.20.32/27|172.31.20.64/26|*.172.31.20.64/26|172.31.20.128/27|*.172.31.20.128/27|172.31.21.0/24|*.172.31.21.0/24|172.31.27.0/24|*.172.31.27.0/24|172.31.28.0/24|*.172.31.28.0/24|172.31.30.0/25|*.172.31.30.0/25|172.31.31.0/24|*.172.31.31.0/24|172.31.40.0/22|*.172.31.40.0/22|172.31.32.0/21|*.172.31.32.0/21|172.31.45.0/24|*.172.31.45.0/24|172.31.46.0/23|*.172.31.46.0/23|172.31.48.0/23|*.172.31.48.0/23|172.31.51.0/24|*.172.31.51.0/24|172.31.52.0/24|*.172.31.52.0/24|172.31.54.0/23|*.172.31.54.0/23|172.31.57.0/24|*.172.31.57.0/24|172.31.60.0/22|*.172.31.60.0/22|172.31.65.0/24|*.172.31.65.0/24|172.31.71.0/24|*.172.31.71.0/24|172.31.81.0/24|*.172.31.81.0/24|172.31.82.0/24|*.172.31.82.0/24|172.31.110.0/24|*.172.31.110.0/24|172.31.120.0/24|*.172.31.120.0/24|172.31.122.0/24|*.172.31.122.0/24|172.31.131.1/32|*.172.31.131.1/32|172.31.135.0/24|*.172.31.135.0/24|172.31.138.0/24|*.172.31.138.0/24|172.31.136.0/23|*.172.31.136.0/23|172.31.151.0/24|*.172.31.151.0/24|172.31.159.0/24|*.172.31.159.0/24|172.31.161.0/24|*.172.31.161.0/24|172.31.162.0/23|*.172.31.162.0/23|172.31.165.0/24|*.172.31.165.0/24|172.31.166.0/23|*.172.31.166.0/23|172.31.168.0/23|*.172.31.168.0/23|172.31.171.0/24|*.172.31.171.0/24|172.31.187.0/24|*.172.31.187.0/24|172.31.189.0/24|*.172.31.189.0/24|172.31.201.0/24|*.172.31.201.0/24|172.31.239.0/24|*.172.31.239.0/24|192.168.3.0/24|*.192.168.3.0/24|192.168.35.0/24|*.192.168.35.0/24|192.168.36.0/24|*.192.168.36.0/24|192.168.200.0/24|*.192.168.200.0/24|193.13.61.192/27|*.193.13.61.192/27|193.215.74.0/25|*.193.215.74.0/25|193.215.74.160/28|*.193.215.74.160/28|193.215.74.192/26|*.193.215.74.192/26|194.19.109.75/32|*.194.19.109.75/32|194.19.109.76/32|*.194.19.109.76/32|194.248.173.97/32|*.194.248.173.97/32|213.115.137.64/27|*.213.115.137.64/27"/>
    <property name="user.home" value="/Users/baku"/>
    <property name="user.timezone" value="Europe/Warsaw"/>
    <property name="java.awt.printerjob" value="sun.lwawt.macosx.CPrinterJob"/>
    <property name="java.specification.version" value="1.8"/>
    <property name="file.encoding" value="UTF-8"/>
    <property name="user.name" value="baku"/>
    <property name="java.class.path" value="/Users/baku/apache-maven-3.3.9/boot/plexus-classworlds-2.5.2.jar"/>
    <property name="java.vm.specification.version" value="1.8"/>
    <property name="sun.arch.data.model" value="64"/>
    <property name="java.home" value="/Library/Java/JavaVirtualMachines/jdk1.8.0_101.jdk/Contents/Home/jre"/>
    <property name="sun.java.command" value="org.codehaus.plexus.classworlds.launcher.Launcher -f ./AsyncStreamPipeline/pom.xml clean compile package"/>
    <property name="java.specification.vendor" value="Oracle Corporation"/>
    <property name="user.language" value="en"/>
    <property name="awt.toolkit" value="sun.lwawt.macosx.LWCToolkit"/>
    <property name="java.vm.info" value="mixed mode"/>
    <property name="java.version" value="1.8.0_101"/>
    <property name="java.ext.dirs" value="/Users/baku/Library/Java/Extensions:/Library/Java/JavaVirtualMachines/jdk1.8.0_101.jdk/Contents/Home/jre/lib/ext:/Library/Java/Extensions:/Network/Library/Java/Extensions:/System/Library/Java/Extensions:/usr/lib/java"/>
    <property name="sun.boot.class.path" value="/Library/Java/JavaVirtualMachines/jdk1.8.0_101.jdk/Contents/Home/jre/lib/resources.jar:/Library/Java/JavaVirtualMachines/jdk1.8.0_101.jdk/Contents/Home/jre/lib/rt.jar:/Library/Java/JavaVirtualMachines/jdk1.8.0_101.jdk/Contents/Home/jre/lib/sunrsasign.jar:/Library/Java/JavaVirtualMachines/jdk1.8.0_101.jdk/Contents/Home/jre/lib/jsse.jar:/Library/Java/JavaVirtualMachines/jdk1.8.0_101.jdk/Contents/Home/jre/lib/jce.jar:/Library/Java/JavaVirtualMachines/jdk1.8.0_101.jdk/Contents/Home/jre/lib/charsets.jar:/Library/Java/JavaVirtualMachines/jdk1.8.0_101.jdk/Contents/Home/jre/lib/jfr.jar:/Library/Java/JavaVirtualMachines/jdk1.8.0_101.jdk/Contents/Home/jre/classes"/>
    <property name="java.vendor" value="Oracle Corporation"/>
    <property name="maven.home" value="/Users/baku/apache-maven-3.3.9"/>
    <property name="file.separator" value="/"/>
    <property name="java.vendor.url.bug" value="http://bugreport.sun.com/bugreport/"/>
    <property name="sun.cpu.endian" value="little"/>
    <property name="sun.io.unicode.encoding" value="UnicodeBig"/>
    <property name="socksNonProxyHosts" value="local|*.local|169.254/16|*.169.254/16|10.40.123.0/24|*.10.40.123.0/24|10.40.124.0/22|*.10.40.124.0/22|10.40.128.0/22|*.10.40.128.0/22|10.40.134.0/24|*.10.40.134.0/24|10.40.137.0/24|*.10.40.137.0/24|46.227.32.37/32|*.46.227.32.37/32|62.92.233.208/28|*.62.92.233.208/28|62.92.233.225/32|*.62.92.233.225/32|62.92.233.241/32|*.62.92.233.241/32|172.20.62.0/24|*.172.20.62.0/24|172.20.64.0/22|*.172.20.64.0/22|172.20.69.0/24|*.172.20.69.0/24|172.20.70.0/23|*.172.20.70.0/23|172.20.76.0/23|*.172.20.76.0/23|172.20.72.0/22|*.172.20.72.0/22|172.20.80.0/27|*.172.20.80.0/27|172.21.0.0/16|*.172.21.0.0/16|172.28.1.0/24|*.172.28.1.0/24|172.28.2.0/23|*.172.28.2.0/23|172.28.4.0/22|*.172.28.4.0/22|172.30.1.0/24|*.172.30.1.0/24|172.30.2.0/24|*.172.30.2.0/24|172.30.10.0/23|*.172.30.10.0/23|172.30.12.0/24|*.172.30.12.0/24|172.30.21.0/24|*.172.30.21.0/24|172.30.100.0/22|*.172.30.100.0/22|172.30.204.0/24|*.172.30.204.0/24|172.30.200.0/22|*.172.30.200.0/22|172.31.1.0/24|*.172.31.1.0/24|172.31.2.0/24|*.172.31.2.0/24|172.31.10.1/32|*.172.31.10.1/32|172.31.20.1/32|*.172.31.20.1/32|172.31.20.32/27|*.172.31.20.32/27|172.31.20.64/26|*.172.31.20.64/26|172.31.20.128/27|*.172.31.20.128/27|172.31.21.0/24|*.172.31.21.0/24|172.31.27.0/24|*.172.31.27.0/24|172.31.28.0/24|*.172.31.28.0/24|172.31.30.0/25|*.172.31.30.0/25|172.31.31.0/24|*.172.31.31.0/24|172.31.40.0/22|*.172.31.40.0/22|172.31.32.0/21|*.172.31.32.0/21|172.31.45.0/24|*.172.31.45.0/24|172.31.46.0/23|*.172.31.46.0/23|172.31.48.0/23|*.172.31.48.0/23|172.31.51.0/24|*.172.31.51.0/24|172.31.52.0/24|*.172.31.52.0/24|172.31.54.0/23|*.172.31.54.0/23|172.31.57.0/24|*.172.31.57.0/24|172.31.60.0/22|*.172.31.60.0/22|172.31.65.0/24|*.172.31.65.0/24|172.31.71.0/24|*.172.31.71.0/24|172.31.81.0/24|*.172.31.81.0/24|172.31.82.0/24|*.172.31.82.0/24|172.31.110.0/24|*.172.31.110.0/24|172.31.120.0/24|*.172.31.120.0/24|172.31.122.0/24|*.172.31.122.0/24|172.31.131.1/32|*.172.31.131.1/32|172.31.135.0/24|*.172.31.135.0/24|172.31.138.0/24|*.172.31.138.0/24|172.31.136.0/23|*.172.31.136.0/23|172.31.151.0/24|*.172.31.151.0/24|172.31.159.0/24|*.172.31.159.0/24|172.31.161.0/24|*.172.31.161.0/24|172.31.162.0/23|*.172.31.162.0/23|172.31.165.0/24|*.172.31.165.0/24|172.31.166.0/23|*.172.31.166.0/23|172.31.168.0/23|*.172.31.168.0/23|172.31.171.0/24|*.172.31.171.0/24|172.31.187.0/24|*.172.31.187.0/24|172.31.189.0/24|*.172.31.189.0/24|172.31.201.0/24|*.172.31.201.0/24|172.31.239.0/24|*.172.31.239.0/24|192.168.3.0/24|*.192.168.3.0/24|192.168.35.0/24|*.192.168.35.0/24|192.168.36.0/24|*.192.168.36.0/24|192.168.200.0/24|*.192.168.200.0/24|193.13.61.192/27|*.193.13.61.192/27|193.215.74.0/25|*.193.215.74.0/25|193.215.74.160/28|*.193.215.74.160/28|193.215.74.192/26|*.193.215.74.192/26|194.19.109.75/32|*.194.19.109.75/32|194.19.109.76/32|*.194.19.109.76/32|194.248.173.97/32|*.194.248.173.97/32|213.115.137.64/27|*.213.115.137.64/27"/>
    <property name="ftp.nonProxyHosts" value="local|*.local|169.254/16|*.169.254/16|10.40.123.0/24|*.10.40.123.0/24|10.40.124.0/22|*.10.40.124.0/22|10.40.128.0/22|*.10.40.128.0/22|10.40.134.0/24|*.10.40.134.0/24|10.40.137.0/24|*.10.40.137.0/24|46.227.32.37/32|*.46.227.32.37/32|62.92.233.208/28|*.62.92.233.208/28|62.92.233.225/32|*.62.92.233.225/32|62.92.233.241/32|*.62.92.233.241/32|172.20.62.0/24|*.172.20.62.0/24|172.20.64.0/22|*.172.20.64.0/22|172.20.69.0/24|*.172.20.69.0/24|172.20.70.0/23|*.172.20.70.0/23|172.20.76.0/23|*.172.20.76.0/23|172.20.72.0/22|*.172.20.72.0/22|172.20.80.0/27|*.172.20.80.0/27|172.21.0.0/16|*.172.21.0.0/16|172.28.1.0/24|*.172.28.1.0/24|172.28.2.0/23|*.172.28.2.0/23|172.28.4.0/22|*.172.28.4.0/22|172.30.1.0/24|*.172.30.1.0/24|172.30.2.0/24|*.172.30.2.0/24|172.30.10.0/23|*.172.30.10.0/23|172.30.12.0/24|*.172.30.12.0/24|172.30.21.0/24|*.172.30.21.0/24|172.30.100.0/22|*.172.30.100.0/22|172.30.204.0/24|*.172.30.204.0/24|172.30.200.0/22|*.172.30.200.0/22|172.31.1.0/24|*.172.31.1.0/24|172.31.2.0/24|*.172.31.2.0/24|172.31.10.1/32|*.172.31.10.1/32|172.31.20.1/32|*.172.31.20.1/32|172.31.20.32/27|*.172.31.20.32/27|172.31.20.64/26|*.172.31.20.64/26|172.31.20.128/27|*.172.31.20.128/27|172.31.21.0/24|*.172.31.21.0/24|172.31.27.0/24|*.172.31.27.0/24|172.31.28.0/24|*.172.31.28.0/24|172.31.30.0/25|*.172.31.30.0/25|172.31.31.0/24|*.172.31.31.0/24|172.31.40.0/22|*.172.31.40.0/22|172.31.32.0/21|*.172.31.32.0/21|172.31.45.0/24|*.172.31.45.0/24|172.31.46.0/23|*.172.31.46.0/23|172.31.48.0/23|*.172.31.48.0/23|172.31.51.0/24|*.172.31.51.0/24|172.31.52.0/24|*.172.31.52.0/24|172.31.54.0/23|*.172.31.54.0/23|172.31.57.0/24|*.172.31.57.0/24|172.31.60.0/22|*.172.31.60.0/22|172.31.65.0/24|*.172.31.65.0/24|172.31.71.0/24|*.172.31.71.0/24|172.31.81.0/24|*.172.31.81.0/24|172.31.82.0/24|*.172.31.82.0/24|172.31.110.0/24|*.172.31.110.0/24|172.31.120.0/24|*.172.31.120.0/24|172.31.122.0/24|*.172.31.122.0/24|172.31.131.1/32|*.172.31.131.1/32|172.31.135.0/24|*.172.31.135.0/24|172.31.138.0/24|*.172.31.138.0/24|172.31.136.0/23|*.172.31.136.0/23|172.31.151.0/24|*.172.31.151.0/24|172.31.159.0/24|*.172.31.159.0/24|172.31.161.0/24|*.172.31.161.0/24|172.31.162.0/23|*.172.31.162.0/23|172.31.165.0/24|*.172.31.165.0/24|172.31.166.0/23|*.172.31.166.0/23|172.31.168.0/23|*.172.31.168.0/23|172.31.171.0/24|*.172.31.171.0/24|172.31.187.0/24|*.172.31.187.0/24|172.31.189.0/24|*.172.31.189.0/24|172.31.201.0/24|*.172.31.201.0/24|172.31.239.0/24|*.172.31.239.0/24|192.168.3.0/24|*.192.168.3.0/24|192.168.35.0/24|*.192.168.35.0/24|192.168.36.0/24|*.192.168.36.0/24|192.168.200.0/24|*.192.168.200.0/24|193.13.61.192/27|*.193.13.61.192/27|193.215.74.0/25|*.193.215.74.0/25|193.215.74.160/28|*.193.215.74.160/28|193.215.74.192/26|*.193.215.74.192/26|194.19.109.75/32|*.194.19.109.75/32|194.19.109.76/32|*.194.19.109.76/32|194.248.173.97/32|*.194.248.173.97/32|213.115.137.64/27|*.213.115.137.64/27"/>
    <property name="sun.cpu.isalist" value=""/>
  </properties>
  <testcase classname="com.baku.asyncstreampipeline.business.outbound.control.StreamMergerTest" name="givenListWithIdenticalTimestamps_shouldReturnListWithSingleEntry" time="0.059"/>
  <testcase classname="com.baku.asyncstreampipeline.business.outbound.control.StreamMergerTest" name="shouldReturnNullWhenGivenEmptyMessagesList" time="0"/>
  <testcase classname="com.baku.asyncstreampipeline.business.outbound.control.StreamMergerTest" name="shouldReturnNullWhenGivenNullMessagesList" time="0"/>
  <testcase classname="com.baku.asyncstreampipeline.business.outbound.control.StreamMergerTest" name="givenListWithOnlyUniqueTimestamps_shouldReturnListOfTheSameSize" time="0.001"/>
  <testcase classname="com.baku.asyncstreampipeline.business.outbound.control.StreamMergerTest" name="givenListWithMergeableValues_shouldMergeMessages" time="0.042"/>
  <testcase classname="com.baku.asyncstreampipeline.business.outbound.control.StreamMergerTest" name="givenListWithMergeableValues_shouldSumAmounts" time="0.006"/>
</testsuite>